<?xml version="1.0" encoding="UTF-8"?>
<testng-results skipped="0" failed="0" ignored="0" total="1" passed="1">
  <reporter-output>
  </reporter-output>
  <suite name="Default suite" duration-ms="75" started-at="2019-11-01T21:01:38Z" finished-at="2019-11-01T21:01:38Z">
    <groups>
    </groups>
    <test name="Default test" duration-ms="75" started-at="2019-11-01T21:01:38Z" finished-at="2019-11-01T21:01:38Z">
      <class name="TestNG_example.TestNG_example.myClass">
        <test-method status="PASS" signature="test1()[pri:0, instance:TestNG_example.TestNG_example.myClass@6eebc39e]" name="test1" duration-ms="25" started-at="2019-11-01T21:01:38Z" finished-at="2019-11-01T21:01:38Z">
          <reporter-output>
          </reporter-output>
        </test-method> <!-- test1 -->
      </class> <!-- TestNG_example.TestNG_example.myClass -->
    </test> <!-- Default test -->
  </suite> <!-- Default suite -->
</testng-results>
